# Р›РѕРі РґР»СЏ СЃР°Р№С‚Р°
2025-03-15 04:52:10,178 - INFO - пїЅпїЅпїЅпїЅпїЅпїЅпїЅпїЅпїЅпїЅпїЅпїЅ admin пїЅпїЅпїЅпїЅпїЅпїЅпїЅ пїЅпїЅпїЅпїЅпїЅ пїЅ пїЅпїЅпїЅпїЅпїЅпїЅпїЅ.
2025-03-15 04:52:17,906 - INFO - пїЅпїЅпїЅпїЅпїЅпїЅпїЅпїЅпїЅпїЅпїЅпїЅ admin пїЅпїЅпїЅпїЅпїЅпїЅпїЅ пїЅпїЅпїЅ пїЅпїЅпїЅпїЅ.
2025-03-15 04:52:21,004 - INFO - пїЅпїЅпїЅ пїЅпїЅпїЅпїЅпїЅпїЅпїЅ.
2025-03-15 04:53:45,716 - INFO - пїЅпїЅпїЅ пїЅпїЅпїЅпїЅпїЅпїЅпїЅ.
2025-03-15 04:54:31,273 - INFO - пїЅпїЅпїЅпїЅпїЅпїЅпїЅпїЅпїЅпїЅпїЅпїЅ admin пїЅпїЅпїЅпїЅпїЅпїЅпїЅ API пїЅпїЅпїЅпїЅ пїЅпїЅпїЅ Telegram пїЅпїЅпїЅпїЅ.
2025-03-15 04:58:18,025 - INFO - пїЅпїЅпїЅпїЅпїЅпїЅпїЅпїЅпїЅпїЅпїЅпїЅ admin пїЅпїЅпїЅпїЅпїЅпїЅпїЅ API пїЅпїЅпїЅпїЅ пїЅпїЅпїЅ Telegram пїЅпїЅпїЅпїЅ.
2025-03-15 05:04:57,575 - INFO - пїЅпїЅпїЅпїЅпїЅпїЅпїЅпїЅпїЅпїЅпїЅпїЅ admin пїЅпїЅпїЅпїЅпїЅ пїЅпїЅ пїЅпїЅпїЅпїЅпїЅпїЅпїЅ.
2025-03-15 05:08:51,584 - INFO - пїЅпїЅпїЅпїЅпїЅпїЅпїЅпїЅпїЅпїЅпїЅпїЅ admin пїЅпїЅпїЅпїЅпїЅпїЅпїЅ пїЅпїЅпїЅпїЅпїЅ пїЅ пїЅпїЅпїЅпїЅпїЅпїЅпїЅ.
2025-03-15 05:12:39,335 - INFO - пїЅпїЅпїЅ пїЅпїЅпїЅпїЅпїЅпїЅпїЅ.
2025-03-15 05:31:16,538 - INFO - пїЅпїЅпїЅпїЅпїЅпїЅпїЅпїЅпїЅпїЅпїЅпїЅ admin пїЅпїЅпїЅпїЅпїЅпїЅпїЅ/пїЅпїЅпїЅпїЅпїЅпїЅпїЅ API пїЅпїЅпїЅпїЅ пїЅпїЅпїЅ Telegram пїЅпїЅпїЅпїЅ.
2025-03-15 05:33:32,554 - INFO - пїЅпїЅпїЅпїЅпїЅпїЅпїЅпїЅпїЅпїЅпїЅпїЅ admin пїЅпїЅпїЅпїЅпїЅпїЅ API пїЅпїЅпїЅпїЅ Bybit.
2025-03-15 05:33:49,646 - INFO - пїЅпїЅпїЅпїЅпїЅпїЅпїЅпїЅпїЅпїЅпїЅпїЅ admin пїЅпїЅпїЅпїЅпїЅпїЅпїЅ пїЅпїЅпїЅпїЅпїЅ Telegram пїЅпїЅпїЅпїЅ.
2025-03-15 05:37:01,212 - INFO - пїЅпїЅпїЅпїЅпїЅпїЅпїЅпїЅпїЅпїЅпїЅпїЅ admin пїЅпїЅпїЅпїЅпїЅпїЅ API пїЅпїЅпїЅпїЅ Telegram Bot.
2025-03-15 05:37:12,868 - INFO - пїЅпїЅпїЅпїЅпїЅпїЅпїЅпїЅпїЅпїЅпїЅпїЅ admin пїЅпїЅпїЅпїЅпїЅпїЅпїЅ пїЅпїЅпїЅпїЅпїЅ Telegram пїЅпїЅпїЅпїЅ.
2025-03-15 05:37:21,597 - INFO - пїЅпїЅпїЅ пїЅпїЅпїЅпїЅпїЅпїЅпїЅ.
2025-03-15 05:40:08,374 - INFO - пїЅпїЅпїЅпїЅпїЅ Telegram: ...
2025-03-15 05:40:09,501 - INFO - пїЅпїЅпїЅпїЅпїЅ Telegram: ...
2025-03-15 05:40:19,406 - INFO - пїЅпїЅпїЅпїЅпїЅпїЅпїЅпїЅпїЅпїЅпїЅпїЅ admin пїЅпїЅпїЅпїЅпїЅпїЅ API пїЅпїЅпїЅпїЅ Telegram Bot.
2025-03-15 05:40:21,098 - INFO - пїЅпїЅпїЅпїЅпїЅ Telegram: None...
2025-03-15 05:40:35,823 - INFO - пїЅпїЅпїЅпїЅпїЅпїЅпїЅпїЅпїЅпїЅпїЅпїЅ admin пїЅпїЅпїЅпїЅпїЅпїЅпїЅ пїЅпїЅпїЅпїЅпїЅ Telegram пїЅпїЅпїЅпїЅ.
2025-03-15 05:40:37,655 - INFO - пїЅпїЅпїЅпїЅпїЅ Telegram: 7807041975...
2025-03-15 05:41:04,405 - INFO - пїЅпїЅпїЅ пїЅпїЅпїЅпїЅпїЅпїЅпїЅ.
2025-03-15 05:42:36,333 - INFO - пїЅпїЅпїЅпїЅпїЅ Telegram: 7807041975...
2025-03-15 05:42:37,384 - INFO - пїЅпїЅпїЅпїЅпїЅ Telegram: 7807041975...
2025-03-15 05:42:54,962 - INFO - пїЅпїЅпїЅ пїЅпїЅпїЅпїЅпїЅпїЅпїЅ.
2025-03-15 05:43:13,974 - INFO - пїЅпїЅпїЅ пїЅпїЅпїЅпїЅпїЅпїЅпїЅпїЅпїЅпїЅ.
2025-03-15 05:47:17,422 - INFO - пїЅпїЅпїЅпїЅпїЅ Telegram: 7807041975...
2025-03-15 05:47:18,648 - INFO - пїЅпїЅпїЅпїЅпїЅ Telegram: 7807041975...
2025-03-15 05:56:07,437 - INFO - пїЅпїЅпїЅпїЅпїЅ Telegram: 7807041975...
2025-03-15 05:56:08,612 - INFO - пїЅпїЅпїЅпїЅпїЅ Telegram: 7807041975...
2025-03-15 05:56:56,616 - INFO - пїЅпїЅпїЅпїЅпїЅ Telegram: 7807041975...
2025-03-15 05:57:47,579 - INFO - пїЅпїЅпїЅпїЅпїЅ Telegram: 7807041975...
2025-03-15 05:58:01,541 - INFO - пїЅпїЅпїЅ пїЅпїЅпїЅпїЅпїЅпїЅпїЅ.
2025-03-15 05:58:23,911 - INFO - пїЅпїЅпїЅ пїЅпїЅпїЅпїЅпїЅпїЅпїЅпїЅпїЅпїЅ.
2025-03-15 05:58:46,570 - INFO - пїЅпїЅпїЅпїЅпїЅ Telegram: 7807041975...
2025-03-15 06:03:46,114 - INFO - пїЅпїЅпїЅпїЅпїЅ Telegram: 7807041975...
2025-03-15 06:03:53,599 - INFO - пїЅпїЅпїЅ пїЅпїЅпїЅпїЅпїЅпїЅпїЅ.
2025-03-15 06:05:42,031 - INFO - пїЅпїЅпїЅпїЅпїЅ Telegram: 7807041975...
2025-03-15 06:05:49,636 - INFO - пїЅпїЅпїЅ пїЅпїЅпїЅпїЅпїЅпїЅпїЅ.
2025-03-15 06:06:45,180 - INFO - пїЅпїЅпїЅпїЅпїЅ Telegram: 7807041975...
2025-03-15 06:06:49,478 - INFO - пїЅпїЅпїЅ пїЅпїЅпїЅпїЅпїЅпїЅпїЅ.
2025-03-15 06:08:24,667 - INFO - пїЅпїЅпїЅпїЅпїЅ Telegram: 7807041975...
2025-03-15 06:08:27,213 - INFO - пїЅпїЅпїЅ пїЅпїЅпїЅпїЅпїЅпїЅпїЅ.
2025-03-15 06:09:16,172 - INFO - пїЅпїЅпїЅ пїЅпїЅпїЅпїЅпїЅпїЅпїЅпїЅпїЅпїЅ.
2025-03-15 06:09:49,868 - INFO - пїЅпїЅпїЅпїЅпїЅ Telegram: 7807041975...
2025-03-15 06:10:09,297 - INFO - пїЅпїЅпїЅ пїЅпїЅпїЅпїЅпїЅпїЅпїЅ.
2025-03-15 06:10:31,740 - INFO - пїЅпїЅпїЅпїЅпїЅ Telegram: 7807041975...
2025-03-15 06:10:35,297 - INFO - пїЅпїЅпїЅ пїЅпїЅпїЅпїЅпїЅпїЅпїЅ.
2025-03-15 06:13:12,322 - INFO - пїЅпїЅпїЅпїЅпїЅ Telegram: 7807041975...
2025-03-15 06:13:13,487 - INFO - пїЅпїЅпїЅпїЅпїЅ Telegram: 7807041975...
2025-03-15 06:13:14,962 - INFO - пїЅпїЅпїЅ пїЅпїЅпїЅпїЅпїЅпїЅпїЅ.
2025-03-15 06:18:14,446 - INFO - пїЅпїЅпїЅпїЅпїЅ Telegram: 7807041975...
2025-03-15 06:18:15,586 - INFO - пїЅпїЅпїЅпїЅпїЅ Telegram: 7807041975...
2025-03-15 06:18:18,999 - INFO - пїЅпїЅпїЅ пїЅпїЅпїЅпїЅпїЅпїЅпїЅ.
2025-03-15 06:20:20,661 - INFO - пїЅпїЅпїЅпїЅпїЅ Telegram: 7807041975...
2025-03-15 06:20:25,166 - INFO - пїЅпїЅпїЅ пїЅпїЅпїЅпїЅпїЅпїЅпїЅ.
2025-03-15 06:20:57,373 - INFO - пїЅпїЅпїЅпїЅпїЅ Telegram: 7807041975...
2025-03-15 06:20:59,030 - INFO - пїЅпїЅпїЅ пїЅпїЅпїЅпїЅпїЅпїЅпїЅ.
2025-03-15 06:21:09,949 - INFO - пїЅпїЅпїЅпїЅпїЅ Telegram: 7807041975...
2025-03-15 06:21:13,945 - INFO - пїЅпїЅпїЅ пїЅпїЅпїЅпїЅпїЅпїЅпїЅ.
2025-03-15 06:21:24,006 - INFO - пїЅпїЅпїЅ пїЅпїЅпїЅпїЅпїЅпїЅпїЅпїЅпїЅпїЅ.
2025-03-15 06:21:24,651 - INFO - пїЅпїЅпїЅ пїЅпїЅпїЅпїЅпїЅпїЅпїЅ.
2025-03-15 06:21:36,805 - INFO - пїЅпїЅпїЅпїЅпїЅ Telegram: 7807041975...
2025-03-15 06:21:38,804 - INFO - пїЅпїЅпїЅ пїЅпїЅпїЅпїЅпїЅпїЅпїЅ.
2025-03-15 06:22:28,796 - INFO - пїЅпїЅпїЅпїЅпїЅ Telegram: 7807041975...
2025-03-15 06:23:04,614 - INFO - пїЅпїЅпїЅпїЅпїЅ Telegram: 7807041975...
2025-03-15 06:23:08,872 - INFO - пїЅпїЅпїЅ пїЅпїЅпїЅпїЅпїЅпїЅпїЅ.
2025-03-15 06:23:24,843 - INFO - пїЅпїЅпїЅпїЅпїЅ Telegram: 7807041975...
2025-03-15 06:23:25,953 - INFO - пїЅпїЅпїЅпїЅпїЅ Telegram: 7807041975...
2025-03-15 06:23:28,810 - INFO - пїЅпїЅпїЅ пїЅпїЅпїЅпїЅпїЅпїЅпїЅ.
2025-03-15 06:25:17,267 - INFO - пїЅпїЅпїЅпїЅпїЅ Telegram: 7807041975...
2025-03-15 06:25:18,593 - INFO - пїЅпїЅпїЅпїЅпїЅ Telegram: 7807041975...
2025-03-15 06:25:18,887 - INFO - пїЅпїЅпїЅ пїЅпїЅпїЅпїЅпїЅпїЅпїЅ.
2025-03-15 06:26:19,550 - INFO - пїЅпїЅпїЅпїЅпїЅ Telegram: 7807041975...
2025-03-15 06:26:25,569 - INFO - пїЅпїЅпїЅ пїЅпїЅпїЅпїЅпїЅпїЅпїЅ.
2025-03-15 06:26:55,915 - INFO - пїЅпїЅпїЅ пїЅпїЅпїЅпїЅпїЅпїЅпїЅпїЅпїЅпїЅ.
2025-03-15 06:29:05,802 - INFO - пїЅпїЅпїЅпїЅпїЅ Telegram: 7807041975...
2025-03-15 06:29:07,088 - INFO - пїЅпїЅпїЅпїЅпїЅ Telegram: 7807041975...
2025-03-15 06:29:07,182 - INFO - пїЅпїЅпїЅ пїЅпїЅпїЅпїЅпїЅпїЅпїЅ.
2025-03-15 06:30:12,282 - INFO - пїЅпїЅпїЅпїЅпїЅ Telegram: 7807041975...
2025-03-15 06:30:15,905 - INFO - пїЅпїЅпїЅ пїЅпїЅпїЅпїЅпїЅпїЅпїЅ.
2025-03-15 06:31:07,457 - INFO - пїЅпїЅпїЅпїЅпїЅ Telegram: 7807041975...
2025-03-15 06:31:08,174 - INFO - пїЅпїЅпїЅ пїЅпїЅпїЅпїЅпїЅпїЅпїЅ.
2025-03-15 06:32:02,476 - INFO - пїЅпїЅпїЅпїЅпїЅ Telegram: 7807041975...
2025-03-15 06:32:28,257 - INFO - пїЅпїЅпїЅпїЅпїЅ Telegram: 7807041975...
2025-03-15 06:32:44,871 - INFO - пїЅпїЅпїЅпїЅпїЅ Telegram: 7807041975...
2025-03-15 06:32:51,340 - INFO - пїЅпїЅпїЅпїЅпїЅ Telegram: 7807041975...
2025-03-15 06:41:15,647 - INFO - Токен Telegram: 7807041975...
2025-03-15 06:41:16,713 - INFO - Токен Telegram: 7807041975...
2025-03-15 06:41:28,960 - INFO - Пользователь admin успешно вошел в систему.
2025-03-15 06:41:32,001 - INFO - Бот запущен.
2025-03-15 06:46:45,803 - INFO - Токен Telegram: 7807041975...
2025-03-15 06:46:46,244 - INFO - Токен Telegram: 7807041975...
2025-03-15 06:47:03,298 - INFO - Пользователь admin успешно вошел в систему.
2025-03-15 06:47:05,721 - INFO - Бот запущен.
2025-03-15 06:48:12,193 - INFO - Токен Telegram: 7807041975...
2025-03-15 06:48:18,769 - INFO - Токен Telegram: 7807041975...
2025-03-15 07:01:56,638 - INFO - Пользователь admin вышел из системы.
2025-03-15 07:02:11,364 - INFO - Пользователь admin успешно вошел в систему.
2025-03-15 07:02:43,486 - INFO - Пользователь admin вышел из системы.
2025-03-15 07:14:04,062 - INFO - Токен Telegram: 7807041975...
2025-03-15 07:14:08,072 - INFO - Бот запущен.
2025-03-15 07:14:14,683 - INFO - Бот запущен.
2025-03-15 07:15:18,003 - INFO - Токен Telegram: 7807041975...
2025-03-15 07:17:27,254 - INFO - Токен Telegram: 7807041975...
2025-03-15 07:17:29,711 - INFO - Бот запущен.
2025-03-15 07:18:09,058 - INFO - Токен Telegram: 7807041975...
